[2017-02-08 09:47:43:409][SL8583.c][0804]len=336
--------------------------------------------------------------------------------
0000:01 4E 60 00 06 00 00 60  01 00 31 00 00 02 00 70  .N`....` ..1....p:0015
0016:24 06 C0 20 C0 9A 13 19  62 17 00 72 00 01 61 18  $.. .... b..r..a.:0031
0032:96 30 00 00 00 00 00 00  00 00 01 00 00 66 24 02  .0...... .....f$.:0047
0048:05 10 00 01 00 12 37 62  17 00 72 00 01 61 18 96  ......7b ..r..a..:0063
0064:3D 24 02 22 05 06 10 20  00 00 31 30 30 30 36 30  =$."...  ..100060:0079
0080:35 37 38 38 36 35 38 34  30 30 30 30 30 30 30 30  57886584 00000000:0095
0096:31 31 35 36 CF 50 03 56  8D 53 E2 B1 26 00 00 00  1156.P.V .S..&...:0111
0112:00 00 00 00 01 45 9F 26  08 98 0D FD BC A7 15 2B  .....E.& .......+:0127
0128:CB 9F 27 01 80 9F 10 13  07 01 01 03 A0 28 02 01  ..'..... .....(..:0143
0144:0A 01 00 00 00 00 00 0E  8A 5A 44 9F 37 04 83 19  ........ .ZD.7...:0159
0160:4D E2 9F 36 02 03 5C 95  05 00 00 04 70 00 9A 03  M..6..\. ....p...:0175
0176:17 02 08 9C 01 00 9F 02  06 00 00 00 00 00 00 5F  ........ ......._:0191
0192:2A 02 01 56 82 02 7C 00  9F 1A 02 01 56 9F 03 06  *..V..|. ....V...:0207
0208:00 00 00 00 00 00 9F 33  03 60 40 C8 9F 34 03 02  .......3 .`@..4..:0223
0224:03 00 9F 35 01 22 9F 1E  08 35 30 36 38 30 36 37  ...5.".. .5068067:0239
0240:33 84 08 A0 00 00 03 33  01 01 01 9F 09 02 00 20  3......3 ....... :0255
0256:9F 41 04 00 00 00 00 00  13 22 00 00 01 00 01 00  .A...... ."......:0271
0272:00 54 31 30 30 30 30 30  30 30 30 30 30 30 30 30  .T100000 00000000:0287
0288:30 30 30 30 30 30 30 30  30 30 30 30 30 30 30 30  00000000 00000000:0303
0304:30 30 30 30 30 30 30 30  30 30 30 30 30 30 30 30  00000000 00000000:0319
0320:30 30 30 30 30 30 30 30  35 32 31 39 37 38 41 41  00000000 521978AA:0335
--------------------------------------------------------------------------------
[2017-02-08 09:47:43:409][        SL8583.c][0805]: 
2809Recvpacket
Head  
[2017-02-08 09:47:43:409][        SL8583.c][0812]: 01 4E 60 00 06 00 00 60 01 00 31 00 00 
[2017-02-08 09:47:43:409][        SL8583.c][0829]: fieldlen=2 type=32767
[2017-02-08 09:47:43:409][        SL8583.c][0830]: F00     02 00 
[2017-02-08 09:47:43:409][        SL8583.c][0829]: fieldlen=8 type=32767
[2017-02-08 09:47:43:410][        SL8583.c][0830]: F01     70 24 06 C0 20 C0 9A 13 
[2017-02-08 09:47:43:410][        SL8583.c][0829]: fieldlen=10 type=1
[2017-02-08 09:47:43:410][        SL8583.c][0830]: F02     62 17 00 72 00 01 61 18 96 30 
[2017-02-08 09:47:43:410][        SL8583.c][0829]: fieldlen=3 type=1
[2017-02-08 09:47:43:410][        SL8583.c][0830]: F03     00 00 00 
[2017-02-08 09:47:43:410][        SL8583.c][0829]: fieldlen=6 type=1
[2017-02-08 09:47:43:410][        SL8583.c][0830]: F04     00 00 00 00 00 01 
[2017-02-08 09:47:43:410][        SL8583.c][0829]: fieldlen=3 type=1
[2017-02-08 09:47:43:410][        SL8583.c][0830]: F11     00 00 66 
[2017-02-08 09:47:43:410][        SL8583.c][0829]: fieldlen=2 type=1
[2017-02-08 09:47:43:410][        SL8583.c][0830]: F14     24 02 
[2017-02-08 09:47:43:410][        SL8583.c][0829]: fieldlen=2 type=1
[2017-02-08 09:47:43:410][        SL8583.c][0830]: F22     05 10 
[2017-02-08 09:47:43:410][        SL8583.c][0829]: fieldlen=2 type=1
[2017-02-08 09:47:43:410][        SL8583.c][0830]: F23     00 01 
[2017-02-08 09:47:43:410][        SL8583.c][0829]: fieldlen=1 type=1
[2017-02-08 09:47:43:410][        SL8583.c][0830]: F25     00 
[2017-02-08 09:47:43:410][        SL8583.c][0829]: fieldlen=1 type=1
[2017-02-08 09:47:43:410][        SL8583.c][0830]: F26     12 
[2017-02-08 09:47:43:410][        SL8583.c][0829]: fieldlen=19 type=1
[2017-02-08 09:47:43:410][        SL8583.c][0830]: F35     62 17 00 72 00 01 61 18 96 3D 24 02 22 05 06 10 20 00 00 
[2017-02-08 09:47:43:411][        SL8583.c][0829]: fieldlen=8 type=2
[2017-02-08 09:47:43:411][        SL8583.c][0830]: F41     31 30 30 30 36 30 35 37 
[2017-02-08 09:47:43:411][        SL8583.c][0829]: fieldlen=15 type=2
[2017-02-08 09:47:43:411][        SL8583.c][0830]: F42     38 38 36 35 38 34 30 30 30 30 30 30 30 30 31 
[2017-02-08 09:47:43:411][        SL8583.c][0829]: fieldlen=3 type=2
[2017-02-08 09:47:43:411][        SL8583.c][0830]: F49     31 35 36 
[2017-02-08 09:47:43:411][        SL8583.c][0829]: fieldlen=8 type=2
[2017-02-08 09:47:43:411][        SL8583.c][0830]: F52     CF 50 03 56 8D 53 E2 B1 
[2017-02-08 09:47:43:411][        SL8583.c][0829]: fieldlen=8 type=1
[2017-02-08 09:47:43:411][        SL8583.c][0830]: F53     26 00 00 00 00 00 00 00 
[2017-02-08 09:47:43:411][        SL8583.c][0829]: fieldlen=145 type=2
[2017-02-08 09:47:43:411][        SL8583.c][0830]: F55     9F 26 08 98 0D FD BC A7 15 2B CB 9F 27 01 80 9F 10 13 07 01 01 03 A0 28 02 01 0A 01 00 00 00 00 00 0E 8A 5A 44 9F 37 04 83 19 4D E2 9F 36 02 03 5C 95 05 00 00 04 70 00 9A 03 17 02 08 9C 01 00 9F 02 06 00 00 00 00 00 00 5F 2A 02 01 56 82 02 7C 00 9F 1A 02 01 56 9F 03 06 00 00 00 00 00 00 9F 33 03 60 40 C8 9F 34 03 02 03 00 9F 35 01 22 9F 1E 08 35 30 36 38 30 36 37 33 84 08 A0 00 00 03 33 01 01 01 9F 09 02 00 20 9F 41 04 00 00 00 00 
[2017-02-08 09:47:43:411][        SL8583.c][0829]: fieldlen=7 type=1
[2017-02-08 09:47:43:411][        SL8583.c][0830]: F60     22 00 00 01 00 01 00 
[2017-02-08 09:47:43:411][        SL8583.c][0829]: fieldlen=54 type=2
[2017-02-08 09:47:43:411][        SL8583.c][0830]: F63     31 30 30 30 30 30 30 30 30 30 30 30 30 30 30 30 30 30 30 30 30 30 30 30 30 30 30 30 30 30 30 30 30 30 30 30 30 30 30 30 30 30 30 30 30 30 30 30 30 30 30 30 30 30 
[2017-02-08 09:47:43:411][        SL8583.c][0829]: fieldlen=8 type=2
[2017-02-08 09:47:43:411][        SL8583.c][0830]: F64     35 32 31 39 37 38 41 41 
[2017-02-08 09:47:43:756][SL8583.c][0804]len=352
--------------------------------------------------------------------------------
0000:01 5E 60 00 00 00 06 60  01 00 31 00 00 02 10 70  .^`....` ..1....p:0015
0016:3C 02 81 0A D0 8A 13 19  62 17 00 72 00 01 61 18  <....... b..r..a.:0031
0032:96 30 00 00 00 00 00 00  00 00 01 00 00 66 09 47  .0...... .....f.G:0047
0048:43 02 08 24 02 00 01 00  08 10 00 00 09 30 30 30  C..$.... .....000:0063
0064:30 36 36 30 39 34 37 34  33 30 31 31 30 30 30 36  06609474 30110006:0079
0080:30 35 37 38 38 36 35 38  34 30 30 30 30 30 30 30  05788658 40000000:0095
0096:30 31 22 30 31 30 35 30  30 30 30 20 20 20 31 30  01"01050 000   10:0111
0112:30 30 30 30 30 39 20 20  20 31 35 36 26 00 00 00  000009    156&...:0127
0128:00 00 00 00 01 45 9F 26  08 98 0D FD BC A7 15 2B  .....E.& .......+:0143
0144:CB 9F 27 01 80 9F 10 13  07 01 01 03 A0 28 02 01  ..'..... .....(..:0159
0160:0A 01 00 00 00 00 00 0E  8A 5A 44 9F 37 04 83 19  ........ .ZD.7...:0175
0176:4D E2 9F 36 02 03 5C 95  05 00 00 04 70 00 9A 03  M..6..\. ....p...:0191
0192:17 02 08 9C 01 00 9F 02  06 00 00 00 00 00 00 5F  ........ ......._:0207
0208:2A 02 01 56 82 02 7C 00  9F 1A 02 01 56 9F 03 06  *..V..|. ....V...:0223
0224:00 00 00 00 00 00 9F 33  03 60 40 C8 9F 34 03 02  .......3 .`@..4..:0239
0240:03 00 9F 35 01 22 9F 1E  08 35 30 36 38 30 36 37  ...5.".. .5068067:0255
0256:33 84 08 A0 00 00 03 33  01 01 01 9F 09 02 00 20  3......3 ....... :0271
0272:9F 41 04 00 00 00 00 00  13 22 00 00 01 00 01 00  .A...... ."......:0287
0288:00 54 31 30 30 30 30 30  30 30 30 30 30 30 30 30  .T100000 00000000:0303
0304:30 30 30 30 30 30 30 30  30 30 30 30 30 30 30 30  00000000 00000000:0319
0320:30 30 30 30 30 30 30 30  30 30 30 30 30 30 30 30  00000000 00000000:0335
0336:30 30 30 30 30 30 30 30  38 35 38 34 42 31 37 30  00000000 8584B170:0351
--------------------------------------------------------------------------------
[2017-02-08 09:47:43:756][        SL8583.c][0805]: 
2809Sendpacket
Head  
[2017-02-08 09:47:43:757][        SL8583.c][0812]: 01 5E 60 00 00 00 06 60 01 00 31 00 00 
[2017-02-08 09:47:43:757][        SL8583.c][0829]: fieldlen=2 type=4
[2017-02-08 09:47:43:757][        SL8583.c][0830]: F00     02 10 
[2017-02-08 09:47:43:757][        SL8583.c][0829]: fieldlen=8 type=4
[2017-02-08 09:47:43:758][        SL8583.c][0830]: F01     70 3C 02 81 0A D0 8A 13 
[2017-02-08 09:47:43:758][        SL8583.c][0829]: fieldlen=10 type=1
[2017-02-08 09:47:43:758][        SL8583.c][0830]: F02     62 17 00 72 00 01 61 18 96 30 
[2017-02-08 09:47:43:758][        SL8583.c][0829]: fieldlen=3 type=1
[2017-02-08 09:47:43:758][        SL8583.c][0830]: F03     00 00 00 
[2017-02-08 09:47:43:758][        SL8583.c][0829]: fieldlen=6 type=1
[2017-02-08 09:47:43:758][        SL8583.c][0830]: F04     00 00 00 00 00 01 
[2017-02-08 09:47:43:758][        SL8583.c][0829]: fieldlen=3 type=1
[2017-02-08 09:47:43:758][        SL8583.c][0830]: F11     00 00 66 
[2017-02-08 09:47:43:758][        SL8583.c][0829]: fieldlen=3 type=1
[2017-02-08 09:47:43:758][        SL8583.c][0830]: F12     09 47 43 
[2017-02-08 09:47:43:758][        SL8583.c][0829]: fieldlen=2 type=1
[2017-02-08 09:47:43:758][        SL8583.c][0830]: F13     02 08 
[2017-02-08 09:47:43:758][        SL8583.c][0829]: fieldlen=2 type=1
[2017-02-08 09:47:43:758][        SL8583.c][0830]: F14     24 02 
[2017-02-08 09:47:43:758][        SL8583.c][0829]: fieldlen=2 type=1
[2017-02-08 09:47:43:758][        SL8583.c][0830]: F23     00 01 
[2017-02-08 09:47:43:758][        SL8583.c][0829]: fieldlen=1 type=1
[2017-02-08 09:47:43:758][        SL8583.c][0830]: F25     00 
[2017-02-08 09:47:43:759][        SL8583.c][0829]: fieldlen=4 type=1
[2017-02-08 09:47:43:759][        SL8583.c][0830]: F32     10 00 00 09 
[2017-02-08 09:47:43:759][        SL8583.c][0829]: fieldlen=12 type=2
[2017-02-08 09:47:43:759][        SL8583.c][0830]: F37     30 30 30 30 36 36 30 39 34 37 34 33 
[2017-02-08 09:47:43:759][        SL8583.c][0829]: fieldlen=2 type=2
[2017-02-08 09:47:43:759][        SL8583.c][0830]: F39     30 31 
[2017-02-08 09:47:43:759][        SL8583.c][0829]: fieldlen=8 type=2
[2017-02-08 09:47:43:759][        SL8583.c][0830]: F41     31 30 30 30 36 30 35 37 
[2017-02-08 09:47:43:759][        SL8583.c][0829]: fieldlen=15 type=2
[2017-02-08 09:47:43:759][        SL8583.c][0830]: F42     38 38 36 35 38 34 30 30 30 30 30 30 30 30 31 
[2017-02-08 09:47:43:759][        SL8583.c][0829]: fieldlen=22 type=2
[2017-02-08 09:47:43:759][        SL8583.c][0830]: F44     30 31 30 35 30 30 30 30 20 20 20 31 30 30 30 30 30 30 39 20 20 20 
[2017-02-08 09:47:43:759][        SL8583.c][0829]: fieldlen=3 type=2
[2017-02-08 09:47:43:759][        SL8583.c][0830]: F49     31 35 36 
[2017-02-08 09:47:43:759][        SL8583.c][0829]: fieldlen=8 type=1
[2017-02-08 09:47:43:759][        SL8583.c][0830]: F53     26 00 00 00 00 00 00 00 
[2017-02-08 09:47:43:759][        SL8583.c][0829]: fieldlen=145 type=2
[2017-02-08 09:47:43:759][        SL8583.c][0830]: F55     9F 26 08 98 0D FD BC A7 15 2B CB 9F 27 01 80 9F 10 13 07 01 01 03 A0 28 02 01 0A 01 00 00 00 00 00 0E 8A 5A 44 9F 37 04 83 19 4D E2 9F 36 02 03 5C 95 05 00 00 04 70 00 9A 03 17 02 08 9C 01 00 9F 02 06 00 00 00 00 00 00 5F 2A 02 01 56 82 02 7C 00 9F 1A 02 01 56 9F 03 06 00 00 00 00 00 00 9F 33 03 60 40 C8 9F 34 03 02 03 00 9F 35 01 22 9F 1E 08 35 30 36 38 30 36 37 33 84 08 A0 00 00 03 33 01 01 01 9F 09 02 00 20 9F 41 04 00 00 00 00 
[2017-02-08 09:47:43:759][        SL8583.c][0829]: fieldlen=7 type=1
[2017-02-08 09:47:43:759][        SL8583.c][0830]: F60     22 00 00 01 00 01 00 
[2017-02-08 09:47:43:759][        SL8583.c][0829]: fieldlen=54 type=2
[2017-02-08 09:47:43:760][        SL8583.c][0830]: F63     31 30 30 30 30 30 30 30 30 30 30 30 30 30 30 30 30 30 30 30 30 30 30 30 30 30 30 30 30 30 30 30 30 30 30 30 30 30 30 30 30 30 30 30 30 30 30 30 30 30 30 30 30 30 
[2017-02-08 09:47:43:760][        SL8583.c][0829]: fieldlen=8 type=2
[2017-02-08 09:47:43:760][        SL8583.c][0830]: F64     38 35 38 34 42 31 37 30 
